Sat Jun 09 2018 17:28:05 GMT-0600 (MDT): GET /
Sat Jun 09 2018 17:28:06 GMT-0600 (MDT): GET /about
Sat Jun 09 2018 17:28:14 GMT-0600 (MDT): GET /about
Sat Jun 09 2018 17:28:15 GMT-0600 (MDT): GET /
Sat Jun 09 2018 17:28:15 GMT-0600 (MDT): GET /
Sat Jun 09 2018 17:28:16 GMT-0600 (MDT): GET /
Sat Jun 09 2018 17:28:17 GMT-0600 (MDT): GET /about
Sat Jun 09 2018 17:28:17 GMT-0600 (MDT): GET /about
Sat Jun 09 2018 17:28:17 GMT-0600 (MDT): GET /about
Sat Jun 09 2018 17:30:30 GMT-0600 (MDT): GET /about
Sat Jun 09 2018 17:30:35 GMT-0600 (MDT): GET /
Sat Jun 09 2018 17:34:35 GMT-0600 (MDT): GET /
Sun Jun 10 2018 11:46:58 GMT-0600 (MDT): GET /
Sun Jun 10 2018 11:59:01 GMT-0600 (MDT): GET /
Sun Jun 10 2018 11:59:03 GMT-0600 (MDT): GET /projects
Sun Jun 10 2018 11:59:03 GMT-0600 (MDT): GET /projects
Sun Jun 10 2018 11:59:16 GMT-0600 (MDT): GET /projects
Sun Jun 10 2018 11:59:17 GMT-0600 (MDT): GET /projects
Sun Jun 10 2018 11:59:17 GMT-0600 (MDT): GET /projects
Sun Jun 10 2018 11:59:35 GMT-0600 (MDT): GET /projects
Sun Jun 10 2018 11:59:35 GMT-0600 (MDT): GET /projects
Sun Jun 10 2018 11:59:36 GMT-0600 (MDT): GET /projects
Sun Jun 10 2018 11:59:37 GMT-0600 (MDT): GET /projects
Sun Jun 10 2018 11:59:39 GMT-0600 (MDT): GET /
Sun Jun 10 2018 11:59:45 GMT-0600 (MDT): GET /
Sun Jun 10 2018 11:59:48 GMT-0600 (MDT): GET /projects
Sun Jun 10 2018 11:59:49 GMT-0600 (MDT): GET /projects
Sun Jun 10 2018 11:59:50 GMT-0600 (MDT): GET /projects
Sun Jun 10 2018 12:00:01 GMT-0600 (MDT): GET /projects
Sun Jun 10 2018 12:00:02 GMT-0600 (MDT): GET /about
Sun Jun 10 2018 12:00:03 GMT-0600 (MDT): GET /projects
Sun Jun 10 2018 12:00:05 GMT-0600 (MDT): GET /projects
Sun Jun 10 2018 12:00:05 GMT-0600 (MDT): GET /projects
Sun Jun 10 2018 12:00:06 GMT-0600 (MDT): GET /projects
Sun Jun 10 2018 12:00:06 GMT-0600 (MDT): GET /projects
Sun Jun 10 2018 12:00:07 GMT-0600 (MDT): GET /about
Sun Jun 10 2018 12:00:07 GMT-0600 (MDT): GET /
Sun Jun 10 2018 12:00:33 GMT-0600 (MDT): GET /projects
Sun Jun 10 2018 12:02:03 GMT-0600 (MDT): GET /projects
Sun Jun 10 2018 12:02:09 GMT-0600 (MDT): GET /projects
Sun Jun 10 2018 12:02:12 GMT-0600 (MDT): GET /projects
Sun Jun 10 2018 12:02:13 GMT-0600 (MDT): GET /projects
Sun Jun 10 2018 12:02:13 GMT-0600 (MDT): GET /about
Sun Jun 10 2018 12:02:14 GMT-0600 (MDT): GET /
Sun Jun 10 2018 12:02:15 GMT-0600 (MDT): GET /projects
Sun Jun 10 2018 12:02:15 GMT-0600 (MDT): GET /projects
Sun Jun 10 2018 12:02:15 GMT-0600 (MDT): GET /projects
Sun Jun 10 2018 12:02:16 GMT-0600 (MDT): GET /projects
Sun Jun 10 2018 12:02:16 GMT-0600 (MDT): GET /projects
Sun Jun 10 2018 12:02:17 GMT-0600 (MDT): GET /projects
Sun Jun 10 2018 12:02:19 GMT-0600 (MDT): GET /about
Sun Jun 10 2018 12:02:20 GMT-0600 (MDT): GET /projects
Sun Jun 10 2018 12:02:22 GMT-0600 (MDT): GET /
Sun Jun 10 2018 12:02:23 GMT-0600 (MDT): GET /projects
Sun Jun 10 2018 12:02:39 GMT-0600 (MDT): GET /projects
Sun Jun 10 2018 12:02:57 GMT-0600 (MDT): GET /projects
Sun Jun 10 2018 12:03:09 GMT-0600 (MDT): GET /projects
Sun Jun 10 2018 12:03:11 GMT-0600 (MDT): GET /projects
Sun Jun 10 2018 12:03:12 GMT-0600 (MDT): GET /projects
Sun Jun 10 2018 12:03:12 GMT-0600 (MDT): GET /projects
Sun Jun 10 2018 12:03:13 GMT-0600 (MDT): GET /projects
Sun Jun 10 2018 12:03:14 GMT-0600 (MDT): GET /about
Sun Jun 10 2018 12:03:14 GMT-0600 (MDT): GET /projects
Sun Jun 10 2018 12:03:29 GMT-0600 (MDT): GET /projects
Sun Jun 10 2018 12:03:40 GMT-0600 (MDT): GET /projects
Sun Jun 10 2018 12:03:41 GMT-0600 (MDT): GET /projects
Sun Jun 10 2018 12:03:41 GMT-0600 (MDT): GET /projects
Sun Jun 10 2018 12:03:42 GMT-0600 (MDT): GET /projects
Sun Jun 10 2018 12:03:42 GMT-0600 (MDT): GET /projects
Sun Jun 10 2018 12:03:42 GMT-0600 (MDT): GET /projects
Sun Jun 10 2018 12:03:42 GMT-0600 (MDT): GET /projects
Sun Jun 10 2018 12:06:45 GMT-0600 (MDT): GET /projects
